Terminals unused in grammar

   ERROE_INT
   ERROR_FLOAT
   POUND
   QUOTE
   LITERAL
   INCLUDE
   BITOR
   BITXOR
   BITAND
   BITWISE


State 21 conflicts: 2 shift/reduce
State 25 conflicts: 2 shift/reduce
State 73 conflicts: 1 shift/reduce, 17 reduce/reduce
State 74 conflicts: 1 shift/reduce
State 113 conflicts: 16 shift/reduce
State 115 conflicts: 1 shift/reduce
State 117 conflicts: 1 shift/reduce
State 118 conflicts: 1 shift/reduce
State 119 conflicts: 1 shift/reduce
State 120 conflicts: 1 shift/reduce
State 121 conflicts: 1 shift/reduce
State 122 conflicts: 1 shift/reduce
State 123 conflicts: 1 shift/reduce
State 124 conflicts: 1 shift/reduce
State 125 conflicts: 1 shift/reduce
State 126 conflicts: 1 shift/reduce
State 127 conflicts: 1 shift/reduce
State 128 conflicts: 1 shift/reduce
State 137 conflicts: 1 shift/reduce


Grammar

    0 $accept: Program $end

    1 Program: ExtDefList

    2 ExtDefList: ExtDef ExtDefList
    3           | %empty

    4 ExtDef: Specifier ExtDecList SEMI
    5       | Specifier SEMI
    6       | Specifier FunDec CompSt

    7 ExtDecList: VarDec
    8           | VarDec COMMA ExtDecList

    9 Specifier: TYPE
   10          | StructSpecifier

   11 StructSpecifier: STRUCT ID LC DefList RC
   12                | STRUCT ID

   13 VarDec: ID
   14       | VarDec LB INT RB

   15 FunDec: ID LP VarList error
   16       | ID LP VarList RP
   17       | ID LP error
   18       | ID LP RP

   19 VarList: ParamDec COMMA VarList
   20        | ParamDec

   21 ParamDec: Specifier VarDec

   22 CompSt: LC DefList StmtList RC
   23       | LC DefList StmtList DefList error

   24 StmtList: Stmt StmtList
   25         | %empty

   26 Stmt: Exp SEMI
   27     | Exp error
   28     | CompSt
   29     | RETURN SEMI error
   30     | RETURN Exp error
   31     | RETURN Exp SEMI
   32     | IF LP Exp RP Stmt
   33     | IF LP Exp RP Stmt ELSE Stmt
   34     | WHILE LP Exp RP Stmt
   35     | WRITE LP Exp RP SEMI

   36 DefList: Def DefList
   37        | %empty

   38 Def: Specifier DecList SEMI
   39    | Specifier DecList error

   40 DecList: Dec
   41        | Dec COMMA DecList

   42 Dec: VarDec
   43    | VarDec ASSIGN Exp

   44 Exp: Exp ASSIGN Exp
   45    | Exp ERROR_LEXEME Exp
   46    | Exp AND Exp
   47    | Exp OR Exp
   48    | Exp LT Exp
   49    | Exp LE Exp
   50    | Exp GT Exp
   51    | Exp GE Exp
   52    | Exp NE Exp
   53    | Exp EQ Exp
   54    | Exp PLUS Exp
   55    | Exp MINUS Exp
   56    | Exp MUL Exp
   57    | Exp DIV Exp
   58    | LP Exp RP
   59    | MINUS Exp
   60    | MINUS Exp
   61    | NOT Exp
   62    | ID LP Args error
   63    | ID LP Args RP
   64    | ID LP error
   65    | ID LP RP
   66    | Exp LB Exp RB
   67    | Exp DOT ID
   68    | ID
   69    | INT
   70    | FLOAT
   71    | CHAR
   72    | READ LP RP
   73    | ERROR_LEXEME

   74 Args: Exp COMMA Args
   75     | Exp


Terminals, with rules where they appear

$end (0) 0
error (256) 15 17 23 27 29 30 39 62 64
ERROE_INT (258)
ERROR_FLOAT (259)
ERROR_LEXEME (260) 45 73
INT (261) 14 69
CHAR (262) 71
FLOAT (263) 70
WHILE (264) 34
IF (265) 32 33
ELSE (266) 33
ID (267) 11 12 13 15 16 17 18 62 63 64 65 67 68
TYPE (268) 9
DOT (269) 67
COMMA (270) 8 19 41 74
ASSIGN (271) 43 44
STRUCT (272) 11 12
SEMI (273) 4 5 26 29 31 35 38
LP (274) 15 16 17 18 32 33 34 35 58 62 63 64 65 72
RP (275) 16 18 32 33 34 35 58 63 65 72
LC (276) 11 22 23
RC (277) 11 22
LB (278) 14 66
RB (279) 14 66
RETURN (280) 29 30 31
POUND (281)
QUOTE (282)
LITERAL (283)
INCLUDE (284)
PLUS (285) 54
MUL (286) 56
MINUS (287) 55 59 60
DIV (288) 57
NOT (289) 61
OR (290) 47
AND (291) 46
NE (292) 52
LT (293) 48
LE (294) 49
GT (295) 50
GE (296) 51
EQ (297) 53
WRITE (298) 35
READ (299) 72
BITOR (300)
BITXOR (301)
BITAND (302)
UMINUS (303)
BITWISE (304)


Nonterminals, with rules where they appear

$accept (50)
    on left: 0
Program (51)
    on left: 1, on right: 0
ExtDefList (52)
    on left: 2 3, on right: 1 2
ExtDef (53)
    on left: 4 5 6, on right: 2
ExtDecList (54)
    on left: 7 8, on right: 4 8
Specifier (55)
    on left: 9 10, on right: 4 5 6 21 38 39
StructSpecifier (56)
    on left: 11 12, on right: 10
VarDec (57)
    on left: 13 14, on right: 7 8 14 21 42 43
FunDec (58)
    on left: 15 16 17 18, on right: 6
VarList (59)
    on left: 19 20, on right: 15 16 19
ParamDec (60)
    on left: 21, on right: 19 20
CompSt (61)
    on left: 22 23, on right: 6 28
StmtList (62)
    on left: 24 25, on right: 22 23 24
Stmt (63)
    on left: 26 27 28 29 30 31 32 33 34 35, on right: 24 32 33 34
DefList (64)
    on left: 36 37, on right: 11 22 23 36
Def (65)
    on left: 38 39, on right: 36
DecList (66)
    on left: 40 41, on right: 38 39 41
Dec (67)
    on left: 42 43, on right: 40 41
Exp (68)
    on left: 44 45 46 47 48 49 50 51 52 53 54 55 56 57 58 59 60 61
    62 63 64 65 66 67 68 69 70 71 72 73, on right: 26 27 30 31 32 33
    34 35 43 44 45 46 47 48 49 50 51 52 53 54 55 56 57 58 59 60 61
    66 67 74 75
Args (69)
    on left: 74 75, on right: 62 63 74


State 0

    0 $accept: . Program $end

    TYPE    shift, and go to state 1
    STRUCT  shift, and go to state 2

    $default  reduce using rule 3 (ExtDefList)

    Program          go to state 3
    ExtDefList       go to state 4
    ExtDef           go to state 5
    Specifier        go to state 6
    StructSpecifier  go to state 7


State 1

    9 Specifier: TYPE .

    $default  reduce using rule 9 (Specifier)


State 2

   11 StructSpecifier: STRUCT . ID LC DefList RC
   12                | STRUCT . ID

    ID  shift, and go to state 8


State 3

    0 $accept: Program . $end

    $end  shift, and go to state 9


State 4

    1 Program: ExtDefList .

    $default  reduce using rule 1 (Program)


State 5

    2 ExtDefList: ExtDef . ExtDefList

    TYPE    shift, and go to state 1
    STRUCT  shift, and go to state 2

    $default  reduce using rule 3 (ExtDefList)

    ExtDefList       go to state 10
    ExtDef           go to state 5
    Specifier        go to state 6
    StructSpecifier  go to state 7


State 6

    4 ExtDef: Specifier . ExtDecList SEMI
    5       | Specifier . SEMI
    6       | Specifier . FunDec CompSt

    ID    shift, and go to state 11
    SEMI  shift, and go to state 12

    ExtDecList  go to state 13
    VarDec      go to state 14
    FunDec      go to state 15


State 7

   10 Specifier: StructSpecifier .

    $default  reduce using rule 10 (Specifier)


State 8

   11 StructSpecifier: STRUCT ID . LC DefList RC
   12                | STRUCT ID .

    LC  shift, and go to state 16

    $default  reduce using rule 12 (StructSpecifier)


State 9

    0 $accept: Program $end .

    $default  accept


State 10

    2 ExtDefList: ExtDef ExtDefList .

    $default  reduce using rule 2 (ExtDefList)


State 11

   13 VarDec: ID .
   15 FunDec: ID . LP VarList error
   16       | ID . LP VarList RP
   17       | ID . LP error
   18       | ID . LP RP

    LP  shift, and go to state 17

    $default  reduce using rule 13 (VarDec)


State 12

    5 ExtDef: Specifier SEMI .

    $default  reduce using rule 5 (ExtDef)


State 13

    4 ExtDef: Specifier ExtDecList . SEMI

    SEMI  shift, and go to state 18


State 14

    7 ExtDecList: VarDec .
    8           | VarDec . COMMA ExtDecList
   14 VarDec: VarDec . LB INT RB

    COMMA  shift, and go to state 19
    LB     shift, and go to state 20

    $default  reduce using rule 7 (ExtDecList)


State 15

    6 ExtDef: Specifier FunDec . CompSt

    LC  shift, and go to state 21

    CompSt  go to state 22


State 16

   11 StructSpecifier: STRUCT ID LC . DefList RC

    TYPE    shift, and go to state 1
    STRUCT  shift, and go to state 2

    $default  reduce using rule 37 (DefList)

    Specifier        go to state 23
    StructSpecifier  go to state 7
    DefList          go to state 24
    Def              go to state 25


State 17

   15 FunDec: ID LP . VarList error
   16       | ID LP . VarList RP
   17       | ID LP . error
   18       | ID LP . RP

    error   shift, and go to state 26
    TYPE    shift, and go to state 1
    STRUCT  shift, and go to state 2
    RP      shift, and go to state 27

    Specifier        go to state 28
    StructSpecifier  go to state 7
    VarList          go to state 29
    ParamDec         go to state 30


State 18

    4 ExtDef: Specifier ExtDecList SEMI .

    $default  reduce using rule 4 (ExtDef)


State 19

    8 ExtDecList: VarDec COMMA . ExtDecList

    ID  shift, and go to state 31

    ExtDecList  go to state 32
    VarDec      go to state 14


State 20

   14 VarDec: VarDec LB . INT RB

    INT  shift, and go to state 33


State 21

   22 CompSt: LC . DefList StmtList RC
   23       | LC . DefList StmtList DefList error

    TYPE    shift, and go to state 1
    STRUCT  shift, and go to state 2

    TYPE      [reduce using rule 37 (DefList)]
    STRUCT    [reduce using rule 37 (DefList)]
    $default  reduce using rule 37 (DefList)

    Specifier        go to state 23
    StructSpecifier  go to state 7
    DefList          go to state 34
    Def              go to state 25


State 22

    6 ExtDef: Specifier FunDec CompSt .

    $default  reduce using rule 6 (ExtDef)


State 23

   38 Def: Specifier . DecList SEMI
   39    | Specifier . DecList error

    ID  shift, and go to state 31

    VarDec   go to state 35
    DecList  go to state 36
    Dec      go to state 37


State 24

   11 StructSpecifier: STRUCT ID LC DefList . RC

    RC  shift, and go to state 38


State 25

   36 DefList: Def . DefList

    TYPE    shift, and go to state 1
    STRUCT  shift, and go to state 2

    TYPE      [reduce using rule 37 (DefList)]
    STRUCT    [reduce using rule 37 (DefList)]
    $default  reduce using rule 37 (DefList)

    Specifier        go to state 23
    StructSpecifier  go to state 7
    DefList          go to state 39
    Def              go to state 25


State 26

   17 FunDec: ID LP error .

    $default  reduce using rule 17 (FunDec)


State 27

   18 FunDec: ID LP RP .

    $default  reduce using rule 18 (FunDec)


State 28

   21 ParamDec: Specifier . VarDec

    ID  shift, and go to state 31

    VarDec  go to state 40


State 29

   15 FunDec: ID LP VarList . error
   16       | ID LP VarList . RP

    error  shift, and go to state 41
    RP     shift, and go to state 42


State 30

   19 VarList: ParamDec . COMMA VarList
   20        | ParamDec .

    COMMA  shift, and go to state 43

    $default  reduce using rule 20 (VarList)


State 31

   13 VarDec: ID .

    $default  reduce using rule 13 (VarDec)


State 32

    8 ExtDecList: VarDec COMMA ExtDecList .

    $default  reduce using rule 8 (ExtDecList)


State 33

   14 VarDec: VarDec LB INT . RB

    RB  shift, and go to state 44


State 34

   22 CompSt: LC DefList . StmtList RC
   23       | LC DefList . StmtList DefList error

    ERROR_LEXEME  shift, and go to state 45
    INT           shift, and go to state 46
    CHAR          shift, and go to state 47
    FLOAT         shift, and go to state 48
    WHILE         shift, and go to state 49
    IF            shift, and go to state 50
    ID            shift, and go to state 51
    LP            shift, and go to state 52
    LC            shift, and go to state 21
    RETURN        shift, and go to state 53
    MINUS         shift, and go to state 54
    NOT           shift, and go to state 55
    WRITE         shift, and go to state 56
    READ          shift, and go to state 57

    $default  reduce using rule 25 (StmtList)

    CompSt    go to state 58
    StmtList  go to state 59
    Stmt      go to state 60
    Exp       go to state 61


State 35

   14 VarDec: VarDec . LB INT RB
   42 Dec: VarDec .
   43    | VarDec . ASSIGN Exp

    ASSIGN  shift, and go to state 62
    LB      shift, and go to state 20

    $default  reduce using rule 42 (Dec)


State 36

   38 Def: Specifier DecList . SEMI
   39    | Specifier DecList . error

    error  shift, and go to state 63
    SEMI   shift, and go to state 64


State 37

   40 DecList: Dec .
   41        | Dec . COMMA DecList

    COMMA  shift, and go to state 65

    $default  reduce using rule 40 (DecList)


State 38

   11 StructSpecifier: STRUCT ID LC DefList RC .

    $default  reduce using rule 11 (StructSpecifier)


State 39

   36 DefList: Def DefList .

    $default  reduce using rule 36 (DefList)


State 40

   14 VarDec: VarDec . LB INT RB
   21 ParamDec: Specifier VarDec .

    LB  shift, and go to state 20

    $default  reduce using rule 21 (ParamDec)


State 41

   15 FunDec: ID LP VarList error .

    $default  reduce using rule 15 (FunDec)


State 42

   16 FunDec: ID LP VarList RP .

    $default  reduce using rule 16 (FunDec)


State 43

   19 VarList: ParamDec COMMA . VarList

    TYPE    shift, and go to state 1
    STRUCT  shift, and go to state 2

    Specifier        go to state 28
    StructSpecifier  go to state 7
    VarList          go to state 66
    ParamDec         go to state 30


State 44

   14 VarDec: VarDec LB INT RB .

    $default  reduce using rule 14 (VarDec)


State 45

   73 Exp: ERROR_LEXEME .

    $default  reduce using rule 73 (Exp)


State 46

   69 Exp: INT .

    $default  reduce using rule 69 (Exp)


State 47

   71 Exp: CHAR .

    $default  reduce using rule 71 (Exp)


State 48

   70 Exp: FLOAT .

    $default  reduce using rule 70 (Exp)


State 49

   34 Stmt: WHILE . LP Exp RP Stmt

    LP  shift, and go to state 67


State 50

   32 Stmt: IF . LP Exp RP Stmt
   33     | IF . LP Exp RP Stmt ELSE Stmt

    LP  shift, and go to state 68


State 51

   62 Exp: ID . LP Args error
   63    | ID . LP Args RP
   64    | ID . LP error
   65    | ID . LP RP
   68    | ID .

    LP  shift, and go to state 69

    $default  reduce using rule 68 (Exp)


State 52

   58 Exp: LP . Exp RP

    ERROR_LEXEME  shift, and go to state 45
    INT           shift, and go to state 46
    CHAR          shift, and go to state 47
    FLOAT         shift, and go to state 48
    ID            shift, and go to state 51
    LP            shift, and go to state 52
    MINUS         shift, and go to state 54
    NOT           shift, and go to state 55
    READ          shift, and go to state 57

    Exp  go to state 70


State 53

   29 Stmt: RETURN . SEMI error
   30     | RETURN . Exp error
   31     | RETURN . Exp SEMI

    ERROR_LEXEME  shift, and go to state 45
    INT           shift, and go to state 46
    CHAR          shift, and go to state 47
    FLOAT         shift, and go to state 48
    ID            shift, and go to state 51
    SEMI          shift, and go to state 71
    LP            shift, and go to state 52
    MINUS         shift, and go to state 54
    NOT           shift, and go to state 55
    READ          shift, and go to state 57

    Exp  go to state 72


State 54

   59 Exp: MINUS . Exp
   60    | MINUS . Exp

    ERROR_LEXEME  shift, and go to state 45
    INT           shift, and go to state 46
    CHAR          shift, and go to state 47
    FLOAT         shift, and go to state 48
    ID            shift, and go to state 51
    LP            shift, and go to state 52
    MINUS         shift, and go to state 54
    NOT           shift, and go to state 55
    READ          shift, and go to state 57

    Exp  go to state 73


State 55

   61 Exp: NOT . Exp

    ERROR_LEXEME  shift, and go to state 45
    INT           shift, and go to state 46
    CHAR          shift, and go to state 47
    FLOAT         shift, and go to state 48
    ID            shift, and go to state 51
    LP            shift, and go to state 52
    MINUS         shift, and go to state 54
    NOT           shift, and go to state 55
    READ          shift, and go to state 57

    Exp  go to state 74


State 56

   35 Stmt: WRITE . LP Exp RP SEMI

    LP  shift, and go to state 75


State 57

   72 Exp: READ . LP RP

    LP  shift, and go to state 76


State 58

   28 Stmt: CompSt .

    $default  reduce using rule 28 (Stmt)


State 59

   22 CompSt: LC DefList StmtList . RC
   23       | LC DefList StmtList . DefList error

    TYPE    shift, and go to state 1
    STRUCT  shift, and go to state 2
    RC      shift, and go to state 77

    $default  reduce using rule 37 (DefList)

    Specifier        go to state 23
    StructSpecifier  go to state 7
    DefList          go to state 78
    Def              go to state 25


State 60

   24 StmtList: Stmt . StmtList

    ERROR_LEXEME  shift, and go to state 45
    INT           shift, and go to state 46
    CHAR          shift, and go to state 47
    FLOAT         shift, and go to state 48
    WHILE         shift, and go to state 49
    IF            shift, and go to state 50
    ID            shift, and go to state 51
    LP            shift, and go to state 52
    LC            shift, and go to state 21
    RETURN        shift, and go to state 53
    MINUS         shift, and go to state 54
    NOT           shift, and go to state 55
    WRITE         shift, and go to state 56
    READ          shift, and go to state 57

    $default  reduce using rule 25 (StmtList)

    CompSt    go to state 58
    StmtList  go to state 79
    Stmt      go to state 60
    Exp       go to state 61


State 61

   26 Stmt: Exp . SEMI
   27     | Exp . error
   44 Exp: Exp . ASSIGN Exp
   45    | Exp . ERROR_LEXEME Exp
   46    | Exp . AND Exp
   47    | Exp . OR Exp
   48    | Exp . LT Exp
   49    | Exp . LE Exp
   50    | Exp . GT Exp
   51    | Exp . GE Exp
   52    | Exp . NE Exp
   53    | Exp . EQ Exp
   54    | Exp . PLUS Exp
   55    | Exp . MINUS Exp
   56    | Exp . MUL Exp
   57    | Exp . DIV Exp
   66    | Exp . LB Exp RB
   67    | Exp . DOT ID

    error         shift, and go to state 80
    ERROR_LEXEME  shift, and go to state 81
    DOT           shift, and go to state 82
    ASSIGN        shift, and go to state 83
    SEMI          shift, and go to state 84
    LB            shift, and go to state 85
    PLUS          shift, and go to state 86
    MUL           shift, and go to state 87
    MINUS         shift, and go to state 88
    DIV           shift, and go to state 89
    OR            shift, and go to state 90
    AND           shift, and go to state 91
    NE            shift, and go to state 92
    LT            shift, and go to state 93
    LE            shift, and go to state 94
    GT            shift, and go to state 95
    GE            shift, and go to state 96
    EQ            shift, and go to state 97


State 62

   43 Dec: VarDec ASSIGN . Exp

    ERROR_LEXEME  shift, and go to state 45
    INT           shift, and go to state 46
    CHAR          shift, and go to state 47
    FLOAT         shift, and go to state 48
    ID            shift, and go to state 51
    LP            shift, and go to state 52
    MINUS         shift, and go to state 54
    NOT           shift, and go to state 55
    READ          shift, and go to state 57

    Exp  go to state 98


State 63

   39 Def: Specifier DecList error .

    $default  reduce using rule 39 (Def)


State 64

   38 Def: Specifier DecList SEMI .

    $default  reduce using rule 38 (Def)


State 65

   41 DecList: Dec COMMA . DecList

    ID  shift, and go to state 31

    VarDec   go to state 35
    DecList  go to state 99
    Dec      go to state 37


State 66

   19 VarList: ParamDec COMMA VarList .

    $default  reduce using rule 19 (VarList)


State 67

   34 Stmt: WHILE LP . Exp RP Stmt

    ERROR_LEXEME  shift, and go to state 45
    INT           shift, and go to state 46
    CHAR          shift, and go to state 47
    FLOAT         shift, and go to state 48
    ID            shift, and go to state 51
    LP            shift, and go to state 52
    MINUS         shift, and go to state 54
    NOT           shift, and go to state 55
    READ          shift, and go to state 57

    Exp  go to state 100


State 68

   32 Stmt: IF LP . Exp RP Stmt
   33     | IF LP . Exp RP Stmt ELSE Stmt

    ERROR_LEXEME  shift, and go to state 45
    INT           shift, and go to state 46
    CHAR          shift, and go to state 47
    FLOAT         shift, and go to state 48
    ID            shift, and go to state 51
    LP            shift, and go to state 52
    MINUS         shift, and go to state 54
    NOT           shift, and go to state 55
    READ          shift, and go to state 57

    Exp  go to state 101


State 69

   62 Exp: ID LP . Args error
   63    | ID LP . Args RP
   64    | ID LP . error
   65    | ID LP . RP

    error         shift, and go to state 102
    ERROR_LEXEME  shift, and go to state 45
    INT           shift, and go to state 46
    CHAR          shift, and go to state 47
    FLOAT         shift, and go to state 48
    ID            shift, and go to state 51
    LP            shift, and go to state 52
    RP            shift, and go to state 103
    MINUS         shift, and go to state 54
    NOT           shift, and go to state 55
    READ          shift, and go to state 57

    Exp   go to state 104
    Args  go to state 105


State 70

   44 Exp: Exp . ASSIGN Exp
   45    | Exp . ERROR_LEXEME Exp
   46    | Exp . AND Exp
   47    | Exp . OR Exp
   48    | Exp . LT Exp
   49    | Exp . LE Exp
   50    | Exp . GT Exp
   51    | Exp . GE Exp
   52    | Exp . NE Exp
   53    | Exp . EQ Exp
   54    | Exp . PLUS Exp
   55    | Exp . MINUS Exp
   56    | Exp . MUL Exp
   57    | Exp . DIV Exp
   58    | LP Exp . RP
   66    | Exp . LB Exp RB
   67    | Exp . DOT ID

    ERROR_LEXEME  shift, and go to state 81
    DOT           shift, and go to state 82
    ASSIGN        shift, and go to state 83
    RP            shift, and go to state 106
    LB            shift, and go to state 85
    PLUS          shift, and go to state 86
    MUL           shift, and go to state 87
    MINUS         shift, and go to state 88
    DIV           shift, and go to state 89
    OR            shift, and go to state 90
    AND           shift, and go to state 91
    NE            shift, and go to state 92
    LT            shift, and go to state 93
    LE            shift, and go to state 94
    GT            shift, and go to state 95
    GE            shift, and go to state 96
    EQ            shift, and go to state 97


State 71

   29 Stmt: RETURN SEMI . error

    error  shift, and go to state 107


State 72

   30 Stmt: RETURN Exp . error
   31     | RETURN Exp . SEMI
   44 Exp: Exp . ASSIGN Exp
   45    | Exp . ERROR_LEXEME Exp
   46    | Exp . AND Exp
   47    | Exp . OR Exp
   48    | Exp . LT Exp
   49    | Exp . LE Exp
   50    | Exp . GT Exp
   51    | Exp . GE Exp
   52    | Exp . NE Exp
   53    | Exp . EQ Exp
   54    | Exp . PLUS Exp
   55    | Exp . MINUS Exp
   56    | Exp . MUL Exp
   57    | Exp . DIV Exp
   66    | Exp . LB Exp RB
   67    | Exp . DOT ID

    error         shift, and go to state 108
    ERROR_LEXEME  shift, and go to state 81
    DOT           shift, and go to state 82
    ASSIGN        shift, and go to state 83
    SEMI          shift, and go to state 109
    LB            shift, and go to state 85
    PLUS          shift, and go to state 86
    MUL           shift, and go to state 87
    MINUS         shift, and go to state 88
    DIV           shift, and go to state 89
    OR            shift, and go to state 90
    AND           shift, and go to state 91
    NE            shift, and go to state 92
    LT            shift, and go to state 93
    LE            shift, and go to state 94
    GT            shift, and go to state 95
    GE            shift, and go to state 96
    EQ            shift, and go to state 97


State 73

   44 Exp: Exp . ASSIGN Exp
   45    | Exp . ERROR_LEXEME Exp
   46    | Exp . AND Exp
   47    | Exp . OR Exp
   48    | Exp . LT Exp
   49    | Exp . LE Exp
   50    | Exp . GT Exp
   51    | Exp . GE Exp
   52    | Exp . NE Exp
   53    | Exp . EQ Exp
   54    | Exp . PLUS Exp
   55    | Exp . MINUS Exp
   56    | Exp . MUL Exp
   57    | Exp . DIV Exp
   59    | MINUS Exp .
   60    | MINUS Exp .
   66    | Exp . LB Exp RB
   67    | Exp . DOT ID

    ERROR_LEXEME  shift, and go to state 81
    DOT           shift, and go to state 82
    LB            shift, and go to state 85

    error         reduce using rule 59 (Exp)
    error         [reduce using rule 60 (Exp)]
    ERROR_LEXEME  [reduce using rule 59 (Exp)]
    ERROR_LEXEME  [reduce using rule 60 (Exp)]
    COMMA         reduce using rule 59 (Exp)
    COMMA         [reduce using rule 60 (Exp)]
    ASSIGN        reduce using rule 59 (Exp)
    ASSIGN        [reduce using rule 60 (Exp)]
    SEMI          reduce using rule 59 (Exp)
    SEMI          [reduce using rule 60 (Exp)]
    RP            reduce using rule 59 (Exp)
    RP            [reduce using rule 60 (Exp)]
    RB            reduce using rule 59 (Exp)
    RB            [reduce using rule 60 (Exp)]
    PLUS          reduce using rule 59 (Exp)
    PLUS          [reduce using rule 60 (Exp)]
    MUL           reduce using rule 60 (Exp)
    MINUS         reduce using rule 59 (Exp)
    MINUS         [reduce using rule 60 (Exp)]
    DIV           reduce using rule 60 (Exp)
    OR            reduce using rule 59 (Exp)
    OR            [reduce using rule 60 (Exp)]
    AND           reduce using rule 59 (Exp)
    AND           [reduce using rule 60 (Exp)]
    NE            reduce using rule 59 (Exp)
    NE            [reduce using rule 60 (Exp)]
    LT            reduce using rule 59 (Exp)
    LT            [reduce using rule 60 (Exp)]
    LE            reduce using rule 59 (Exp)
    LE            [reduce using rule 60 (Exp)]
    GT            reduce using rule 59 (Exp)
    GT            [reduce using rule 60 (Exp)]
    GE            reduce using rule 59 (Exp)
    GE            [reduce using rule 60 (Exp)]
    EQ            reduce using rule 59 (Exp)
    EQ            [reduce using rule 60 (Exp)]
    $default      reduce using rule 59 (Exp)


State 74

   44 Exp: Exp . ASSIGN Exp
   45    | Exp . ERROR_LEXEME Exp
   46    | Exp . AND Exp
   47    | Exp . OR Exp
   48    | Exp . LT Exp
   49    | Exp . LE Exp
   50    | Exp . GT Exp
   51    | Exp . GE Exp
   52    | Exp . NE Exp
   53    | Exp . EQ Exp
   54    | Exp . PLUS Exp
   55    | Exp . MINUS Exp
   56    | Exp . MUL Exp
   57    | Exp . DIV Exp
   61    | NOT Exp .
   66    | Exp . LB Exp RB
   67    | Exp . DOT ID

    ERROR_LEXEME  shift, and go to state 81
    DOT           shift, and go to state 82
    LB            shift, and go to state 85

    ERROR_LEXEME  [reduce using rule 61 (Exp)]
    $default      reduce using rule 61 (Exp)


State 75

   35 Stmt: WRITE LP . Exp RP SEMI

    ERROR_LEXEME  shift, and go to state 45
    INT           shift, and go to state 46
    CHAR          shift, and go to state 47
    FLOAT         shift, and go to state 48
    ID            shift, and go to state 51
    LP            shift, and go to state 52
    MINUS         shift, and go to state 54
    NOT           shift, and go to state 55
    READ          shift, and go to state 57

    Exp  go to state 110


State 76

   72 Exp: READ LP . RP

    RP  shift, and go to state 111


State 77

   22 CompSt: LC DefList StmtList RC .

    $default  reduce using rule 22 (CompSt)


State 78

   23 CompSt: LC DefList StmtList DefList . error

    error  shift, and go to state 112


State 79

   24 StmtList: Stmt StmtList .

    $default  reduce using rule 24 (StmtList)


State 80

   27 Stmt: Exp error .

    $default  reduce using rule 27 (Stmt)


State 81

   45 Exp: Exp ERROR_LEXEME . Exp

    ERROR_LEXEME  shift, and go to state 45
    INT           shift, and go to state 46
    CHAR          shift, and go to state 47
    FLOAT         shift, and go to state 48
    ID            shift, and go to state 51
    LP            shift, and go to state 52
    MINUS         shift, and go to state 54
    NOT           shift, and go to state 55
    READ          shift, and go to state 57

    Exp  go to state 113


State 82

   67 Exp: Exp DOT . ID

    ID  shift, and go to state 114


State 83

   44 Exp: Exp ASSIGN . Exp

    ERROR_LEXEME  shift, and go to state 45
    INT           shift, and go to state 46
    CHAR          shift, and go to state 47
    FLOAT         shift, and go to state 48
    ID            shift, and go to state 51
    LP            shift, and go to state 52
    MINUS         shift, and go to state 54
    NOT           shift, and go to state 55
    READ          shift, and go to state 57

    Exp  go to state 115


State 84

   26 Stmt: Exp SEMI .

    $default  reduce using rule 26 (Stmt)


State 85

   66 Exp: Exp LB . Exp RB

    ERROR_LEXEME  shift, and go to state 45
    INT           shift, and go to state 46
    CHAR          shift, and go to state 47
    FLOAT         shift, and go to state 48
    ID            shift, and go to state 51
    LP            shift, and go to state 52
    MINUS         shift, and go to state 54
    NOT           shift, and go to state 55
    READ          shift, and go to state 57

    Exp  go to state 116


State 86

   54 Exp: Exp PLUS . Exp

    ERROR_LEXEME  shift, and go to state 45
    INT           shift, and go to state 46
    CHAR          shift, and go to state 47
    FLOAT         shift, and go to state 48
    ID            shift, and go to state 51
    LP            shift, and go to state 52
    MINUS         shift, and go to state 54
    NOT           shift, and go to state 55
    READ          shift, and go to state 57

    Exp  go to state 117


State 87

   56 Exp: Exp MUL . Exp

    ERROR_LEXEME  shift, and go to state 45
    INT           shift, and go to state 46
    CHAR          shift, and go to state 47
    FLOAT         shift, and go to state 48
    ID            shift, and go to state 51
    LP            shift, and go to state 52
    MINUS         shift, and go to state 54
    NOT           shift, and go to state 55
    READ          shift, and go to state 57

    Exp  go to state 118


State 88

   55 Exp: Exp MINUS . Exp

    ERROR_LEXEME  shift, and go to state 45
    INT           shift, and go to state 46
    CHAR          shift, and go to state 47
    FLOAT         shift, and go to state 48
    ID            shift, and go to state 51
    LP            shift, and go to state 52
    MINUS         shift, and go to state 54
    NOT           shift, and go to state 55
    READ          shift, and go to state 57

    Exp  go to state 119


State 89

   57 Exp: Exp DIV . Exp

    ERROR_LEXEME  shift, and go to state 45
    INT           shift, and go to state 46
    CHAR          shift, and go to state 47
    FLOAT         shift, and go to state 48
    ID            shift, and go to state 51
    LP            shift, and go to state 52
    MINUS         shift, and go to state 54
    NOT           shift, and go to state 55
    READ          shift, and go to state 57

    Exp  go to state 120


State 90

   47 Exp: Exp OR . Exp

    ERROR_LEXEME  shift, and go to state 45
    INT           shift, and go to state 46
    CHAR          shift, and go to state 47
    FLOAT         shift, and go to state 48
    ID            shift, and go to state 51
    LP            shift, and go to state 52
    MINUS         shift, and go to state 54
    NOT           shift, and go to state 55
    READ          shift, and go to state 57

    Exp  go to state 121


State 91

   46 Exp: Exp AND . Exp

    ERROR_LEXEME  shift, and go to state 45
    INT           shift, and go to state 46
    CHAR          shift, and go to state 47
    FLOAT         shift, and go to state 48
    ID            shift, and go to state 51
    LP            shift, and go to state 52
    MINUS         shift, and go to state 54
    NOT           shift, and go to state 55
    READ          shift, and go to state 57

    Exp  go to state 122


State 92

   52 Exp: Exp NE . Exp

    ERROR_LEXEME  shift, and go to state 45
    INT           shift, and go to state 46
    CHAR          shift, and go to state 47
    FLOAT         shift, and go to state 48
    ID            shift, and go to state 51
    LP            shift, and go to state 52
    MINUS         shift, and go to state 54
    NOT           shift, and go to state 55
    READ          shift, and go to state 57

    Exp  go to state 123


State 93

   48 Exp: Exp LT . Exp

    ERROR_LEXEME  shift, and go to state 45
    INT           shift, and go to state 46
    CHAR          shift, and go to state 47
    FLOAT         shift, and go to state 48
    ID            shift, and go to state 51
    LP            shift, and go to state 52
    MINUS         shift, and go to state 54
    NOT           shift, and go to state 55
    READ          shift, and go to state 57

    Exp  go to state 124


State 94

   49 Exp: Exp LE . Exp

    ERROR_LEXEME  shift, and go to state 45
    INT           shift, and go to state 46
    CHAR          shift, and go to state 47
    FLOAT         shift, and go to state 48
    ID            shift, and go to state 51
    LP            shift, and go to state 52
    MINUS         shift, and go to state 54
    NOT           shift, and go to state 55
    READ          shift, and go to state 57

    Exp  go to state 125


State 95

   50 Exp: Exp GT . Exp

    ERROR_LEXEME  shift, and go to state 45
    INT           shift, and go to state 46
    CHAR          shift, and go to state 47
    FLOAT         shift, and go to state 48
    ID            shift, and go to state 51
    LP            shift, and go to state 52
    MINUS         shift, and go to state 54
    NOT           shift, and go to state 55
    READ          shift, and go to state 57

    Exp  go to state 126


State 96

   51 Exp: Exp GE . Exp

    ERROR_LEXEME  shift, and go to state 45
    INT           shift, and go to state 46
    CHAR          shift, and go to state 47
    FLOAT         shift, and go to state 48
    ID            shift, and go to state 51
    LP            shift, and go to state 52
    MINUS         shift, and go to state 54
    NOT           shift, and go to state 55
    READ          shift, and go to state 57

    Exp  go to state 127


State 97

   53 Exp: Exp EQ . Exp

    ERROR_LEXEME  shift, and go to state 45
    INT           shift, and go to state 46
    CHAR          shift, and go to state 47
    FLOAT         shift, and go to state 48
    ID            shift, and go to state 51
    LP            shift, and go to state 52
    MINUS         shift, and go to state 54
    NOT           shift, and go to state 55
    READ          shift, and go to state 57

    Exp  go to state 128


State 98

   43 Dec: VarDec ASSIGN Exp .
   44 Exp: Exp . ASSIGN Exp
   45    | Exp . ERROR_LEXEME Exp
   46    | Exp . AND Exp
   47    | Exp . OR Exp
   48    | Exp . LT Exp
   49    | Exp . LE Exp
   50    | Exp . GT Exp
   51    | Exp . GE Exp
   52    | Exp . NE Exp
   53    | Exp . EQ Exp
   54    | Exp . PLUS Exp
   55    | Exp . MINUS Exp
   56    | Exp . MUL Exp
   57    | Exp . DIV Exp
   66    | Exp . LB Exp RB
   67    | Exp . DOT ID

    ERROR_LEXEME  shift, and go to state 81
    DOT           shift, and go to state 82
    ASSIGN        shift, and go to state 83
    LB            shift, and go to state 85
    PLUS          shift, and go to state 86
    MUL           shift, and go to state 87
    MINUS         shift, and go to state 88
    DIV           shift, and go to state 89
    OR            shift, and go to state 90
    AND           shift, and go to state 91
    NE            shift, and go to state 92
    LT            shift, and go to state 93
    LE            shift, and go to state 94
    GT            shift, and go to state 95
    GE            shift, and go to state 96
    EQ            shift, and go to state 97

    $default  reduce using rule 43 (Dec)


State 99

   41 DecList: Dec COMMA DecList .

    $default  reduce using rule 41 (DecList)


State 100

   34 Stmt: WHILE LP Exp . RP Stmt
   44 Exp: Exp . ASSIGN Exp
   45    | Exp . ERROR_LEXEME Exp
   46    | Exp . AND Exp
   47    | Exp . OR Exp
   48    | Exp . LT Exp
   49    | Exp . LE Exp
   50    | Exp . GT Exp
   51    | Exp . GE Exp
   52    | Exp . NE Exp
   53    | Exp . EQ Exp
   54    | Exp . PLUS Exp
   55    | Exp . MINUS Exp
   56    | Exp . MUL Exp
   57    | Exp . DIV Exp
   66    | Exp . LB Exp RB
   67    | Exp . DOT ID

    ERROR_LEXEME  shift, and go to state 81
    DOT           shift, and go to state 82
    ASSIGN        shift, and go to state 83
    RP            shift, and go to state 129
    LB            shift, and go to state 85
    PLUS          shift, and go to state 86
    MUL           shift, and go to state 87
    MINUS         shift, and go to state 88
    DIV           shift, and go to state 89
    OR            shift, and go to state 90
    AND           shift, and go to state 91
    NE            shift, and go to state 92
    LT            shift, and go to state 93
    LE            shift, and go to state 94
    GT            shift, and go to state 95
    GE            shift, and go to state 96
    EQ            shift, and go to state 97


State 101

   32 Stmt: IF LP Exp . RP Stmt
   33     | IF LP Exp . RP Stmt ELSE Stmt
   44 Exp: Exp . ASSIGN Exp
   45    | Exp . ERROR_LEXEME Exp
   46    | Exp . AND Exp
   47    | Exp . OR Exp
   48    | Exp . LT Exp
   49    | Exp . LE Exp
   50    | Exp . GT Exp
   51    | Exp . GE Exp
   52    | Exp . NE Exp
   53    | Exp . EQ Exp
   54    | Exp . PLUS Exp
   55    | Exp . MINUS Exp
   56    | Exp . MUL Exp
   57    | Exp . DIV Exp
   66    | Exp . LB Exp RB
   67    | Exp . DOT ID

    ERROR_LEXEME  shift, and go to state 81
    DOT           shift, and go to state 82
    ASSIGN        shift, and go to state 83
    RP            shift, and go to state 130
    LB            shift, and go to state 85
    PLUS          shift, and go to state 86
    MUL           shift, and go to state 87
    MINUS         shift, and go to state 88
    DIV           shift, and go to state 89
    OR            shift, and go to state 90
    AND           shift, and go to state 91
    NE            shift, and go to state 92
    LT            shift, and go to state 93
    LE            shift, and go to state 94
    GT            shift, and go to state 95
    GE            shift, and go to state 96
    EQ            shift, and go to state 97


State 102

   64 Exp: ID LP error .

    $default  reduce using rule 64 (Exp)


State 103

   65 Exp: ID LP RP .

    $default  reduce using rule 65 (Exp)


State 104

   44 Exp: Exp . ASSIGN Exp
   45    | Exp . ERROR_LEXEME Exp
   46    | Exp . AND Exp
   47    | Exp . OR Exp
   48    | Exp . LT Exp
   49    | Exp . LE Exp
   50    | Exp . GT Exp
   51    | Exp . GE Exp
   52    | Exp . NE Exp
   53    | Exp . EQ Exp
   54    | Exp . PLUS Exp
   55    | Exp . MINUS Exp
   56    | Exp . MUL Exp
   57    | Exp . DIV Exp
   66    | Exp . LB Exp RB
   67    | Exp . DOT ID
   74 Args: Exp . COMMA Args
   75     | Exp .

    ERROR_LEXEME  shift, and go to state 81
    DOT           shift, and go to state 82
    COMMA         shift, and go to state 131
    ASSIGN        shift, and go to state 83
    LB            shift, and go to state 85
    PLUS          shift, and go to state 86
    MUL           shift, and go to state 87
    MINUS         shift, and go to state 88
    DIV           shift, and go to state 89
    OR            shift, and go to state 90
    AND           shift, and go to state 91
    NE            shift, and go to state 92
    LT            shift, and go to state 93
    LE            shift, and go to state 94
    GT            shift, and go to state 95
    GE            shift, and go to state 96
    EQ            shift, and go to state 97

    $default  reduce using rule 75 (Args)


State 105

   62 Exp: ID LP Args . error
   63    | ID LP Args . RP

    error  shift, and go to state 132
    RP     shift, and go to state 133


State 106

   58 Exp: LP Exp RP .

    $default  reduce using rule 58 (Exp)


State 107

   29 Stmt: RETURN SEMI error .

    $default  reduce using rule 29 (Stmt)


State 108

   30 Stmt: RETURN Exp error .

    $default  reduce using rule 30 (Stmt)


State 109

   31 Stmt: RETURN Exp SEMI .

    $default  reduce using rule 31 (Stmt)


State 110

   35 Stmt: WRITE LP Exp . RP SEMI
   44 Exp: Exp . ASSIGN Exp
   45    | Exp . ERROR_LEXEME Exp
   46    | Exp . AND Exp
   47    | Exp . OR Exp
   48    | Exp . LT Exp
   49    | Exp . LE Exp
   50    | Exp . GT Exp
   51    | Exp . GE Exp
   52    | Exp . NE Exp
   53    | Exp . EQ Exp
   54    | Exp . PLUS Exp
   55    | Exp . MINUS Exp
   56    | Exp . MUL Exp
   57    | Exp . DIV Exp
   66    | Exp . LB Exp RB
   67    | Exp . DOT ID

    ERROR_LEXEME  shift, and go to state 81
    DOT           shift, and go to state 82
    ASSIGN        shift, and go to state 83
    RP            shift, and go to state 134
    LB            shift, and go to state 85
    PLUS          shift, and go to state 86
    MUL           shift, and go to state 87
    MINUS         shift, and go to state 88
    DIV           shift, and go to state 89
    OR            shift, and go to state 90
    AND           shift, and go to state 91
    NE            shift, and go to state 92
    LT            shift, and go to state 93
    LE            shift, and go to state 94
    GT            shift, and go to state 95
    GE            shift, and go to state 96
    EQ            shift, and go to state 97


State 111

   72 Exp: READ LP RP .

    $default  reduce using rule 72 (Exp)


State 112

   23 CompSt: LC DefList StmtList DefList error .

    $default  reduce using rule 23 (CompSt)


State 113

   44 Exp: Exp . ASSIGN Exp
   45    | Exp . ERROR_LEXEME Exp
   45    | Exp ERROR_LEXEME Exp .
   46    | Exp . AND Exp
   47    | Exp . OR Exp
   48    | Exp . LT Exp
   49    | Exp . LE Exp
   50    | Exp . GT Exp
   51    | Exp . GE Exp
   52    | Exp . NE Exp
   53    | Exp . EQ Exp
   54    | Exp . PLUS Exp
   55    | Exp . MINUS Exp
   56    | Exp . MUL Exp
   57    | Exp . DIV Exp
   66    | Exp . LB Exp RB
   67    | Exp . DOT ID

    ERROR_LEXEME  shift, and go to state 81
    DOT           shift, and go to state 82
    ASSIGN        shift, and go to state 83
    LB            shift, and go to state 85
    PLUS          shift, and go to state 86
    MUL           shift, and go to state 87
    MINUS         shift, and go to state 88
    DIV           shift, and go to state 89
    OR            shift, and go to state 90
    AND           shift, and go to state 91
    NE            shift, and go to state 92
    LT            shift, and go to state 93
    LE            shift, and go to state 94
    GT            shift, and go to state 95
    GE            shift, and go to state 96
    EQ            shift, and go to state 97

    ERROR_LEXEME  [reduce using rule 45 (Exp)]
    DOT           [reduce using rule 45 (Exp)]
    ASSIGN        [reduce using rule 45 (Exp)]
    LB            [reduce using rule 45 (Exp)]
    PLUS          [reduce using rule 45 (Exp)]
    MUL           [reduce using rule 45 (Exp)]
    MINUS         [reduce using rule 45 (Exp)]
    DIV           [reduce using rule 45 (Exp)]
    OR            [reduce using rule 45 (Exp)]
    AND           [reduce using rule 45 (Exp)]
    NE            [reduce using rule 45 (Exp)]
    LT            [reduce using rule 45 (Exp)]
    LE            [reduce using rule 45 (Exp)]
    GT            [reduce using rule 45 (Exp)]
    GE            [reduce using rule 45 (Exp)]
    EQ            [reduce using rule 45 (Exp)]
    $default      reduce using rule 45 (Exp)


State 114

   67 Exp: Exp DOT ID .

    $default  reduce using rule 67 (Exp)


State 115

   44 Exp: Exp . ASSIGN Exp
   44    | Exp ASSIGN Exp .
   45    | Exp . ERROR_LEXEME Exp
   46    | Exp . AND Exp
   47    | Exp . OR Exp
   48    | Exp . LT Exp
   49    | Exp . LE Exp
   50    | Exp . GT Exp
   51    | Exp . GE Exp
   52    | Exp . NE Exp
   53    | Exp . EQ Exp
   54    | Exp . PLUS Exp
   55    | Exp . MINUS Exp
   56    | Exp . MUL Exp
   57    | Exp . DIV Exp
   66    | Exp . LB Exp RB
   67    | Exp . DOT ID

    ERROR_LEXEME  shift, and go to state 81
    DOT           shift, and go to state 82
    ASSIGN        shift, and go to state 83
    LB            shift, and go to state 85
    PLUS          shift, and go to state 86
    MUL           shift, and go to state 87
    MINUS         shift, and go to state 88
    DIV           shift, and go to state 89
    OR            shift, and go to state 90
    AND           shift, and go to state 91
    NE            shift, and go to state 92
    LT            shift, and go to state 93
    LE            shift, and go to state 94
    GT            shift, and go to state 95
    GE            shift, and go to state 96
    EQ            shift, and go to state 97

    ERROR_LEXEME  [reduce using rule 44 (Exp)]
    $default      reduce using rule 44 (Exp)


State 116

   44 Exp: Exp . ASSIGN Exp
   45    | Exp . ERROR_LEXEME Exp
   46    | Exp . AND Exp
   47    | Exp . OR Exp
   48    | Exp . LT Exp
   49    | Exp . LE Exp
   50    | Exp . GT Exp
   51    | Exp . GE Exp
   52    | Exp . NE Exp
   53    | Exp . EQ Exp
   54    | Exp . PLUS Exp
   55    | Exp . MINUS Exp
   56    | Exp . MUL Exp
   57    | Exp . DIV Exp
   66    | Exp . LB Exp RB
   66    | Exp LB Exp . RB
   67    | Exp . DOT ID

    ERROR_LEXEME  shift, and go to state 81
    DOT           shift, and go to state 82
    ASSIGN        shift, and go to state 83
    LB            shift, and go to state 85
    RB            shift, and go to state 135
    PLUS          shift, and go to state 86
    MUL           shift, and go to state 87
    MINUS         shift, and go to state 88
    DIV           shift, and go to state 89
    OR            shift, and go to state 90
    AND           shift, and go to state 91
    NE            shift, and go to state 92
    LT            shift, and go to state 93
    LE            shift, and go to state 94
    GT            shift, and go to state 95
    GE            shift, and go to state 96
    EQ            shift, and go to state 97


State 117

   44 Exp: Exp . ASSIGN Exp
   45    | Exp . ERROR_LEXEME Exp
   46    | Exp . AND Exp
   47    | Exp . OR Exp
   48    | Exp . LT Exp
   49    | Exp . LE Exp
   50    | Exp . GT Exp
   51    | Exp . GE Exp
   52    | Exp . NE Exp
   53    | Exp . EQ Exp
   54    | Exp . PLUS Exp
   54    | Exp PLUS Exp .
   55    | Exp . MINUS Exp
   56    | Exp . MUL Exp
   57    | Exp . DIV Exp
   66    | Exp . LB Exp RB
   67    | Exp . DOT ID

    ERROR_LEXEME  shift, and go to state 81
    DOT           shift, and go to state 82
    LB            shift, and go to state 85
    MUL           shift, and go to state 87
    DIV           shift, and go to state 89

    ERROR_LEXEME  [reduce using rule 54 (Exp)]
    $default      reduce using rule 54 (Exp)


State 118

   44 Exp: Exp . ASSIGN Exp
   45    | Exp . ERROR_LEXEME Exp
   46    | Exp . AND Exp
   47    | Exp . OR Exp
   48    | Exp . LT Exp
   49    | Exp . LE Exp
   50    | Exp . GT Exp
   51    | Exp . GE Exp
   52    | Exp . NE Exp
   53    | Exp . EQ Exp
   54    | Exp . PLUS Exp
   55    | Exp . MINUS Exp
   56    | Exp . MUL Exp
   56    | Exp MUL Exp .
   57    | Exp . DIV Exp
   66    | Exp . LB Exp RB
   67    | Exp . DOT ID

    ERROR_LEXEME  shift, and go to state 81
    DOT           shift, and go to state 82
    LB            shift, and go to state 85

    ERROR_LEXEME  [reduce using rule 56 (Exp)]
    $default      reduce using rule 56 (Exp)


State 119

   44 Exp: Exp . ASSIGN Exp
   45    | Exp . ERROR_LEXEME Exp
   46    | Exp . AND Exp
   47    | Exp . OR Exp
   48    | Exp . LT Exp
   49    | Exp . LE Exp
   50    | Exp . GT Exp
   51    | Exp . GE Exp
   52    | Exp . NE Exp
   53    | Exp . EQ Exp
   54    | Exp . PLUS Exp
   55    | Exp . MINUS Exp
   55    | Exp MINUS Exp .
   56    | Exp . MUL Exp
   57    | Exp . DIV Exp
   66    | Exp . LB Exp RB
   67    | Exp . DOT ID

    ERROR_LEXEME  shift, and go to state 81
    DOT           shift, and go to state 82
    LB            shift, and go to state 85
    MUL           shift, and go to state 87
    DIV           shift, and go to state 89

    ERROR_LEXEME  [reduce using rule 55 (Exp)]
    $default      reduce using rule 55 (Exp)


State 120

   44 Exp: Exp . ASSIGN Exp
   45    | Exp . ERROR_LEXEME Exp
   46    | Exp . AND Exp
   47    | Exp . OR Exp
   48    | Exp . LT Exp
   49    | Exp . LE Exp
   50    | Exp . GT Exp
   51    | Exp . GE Exp
   52    | Exp . NE Exp
   53    | Exp . EQ Exp
   54    | Exp . PLUS Exp
   55    | Exp . MINUS Exp
   56    | Exp . MUL Exp
   57    | Exp . DIV Exp
   57    | Exp DIV Exp .
   66    | Exp . LB Exp RB
   67    | Exp . DOT ID

    ERROR_LEXEME  shift, and go to state 81
    DOT           shift, and go to state 82
    LB            shift, and go to state 85

    ERROR_LEXEME  [reduce using rule 57 (Exp)]
    $default      reduce using rule 57 (Exp)


State 121

   44 Exp: Exp . ASSIGN Exp
   45    | Exp . ERROR_LEXEME Exp
   46    | Exp . AND Exp
   47    | Exp . OR Exp
   47    | Exp OR Exp .
   48    | Exp . LT Exp
   49    | Exp . LE Exp
   50    | Exp . GT Exp
   51    | Exp . GE Exp
   52    | Exp . NE Exp
   53    | Exp . EQ Exp
   54    | Exp . PLUS Exp
   55    | Exp . MINUS Exp
   56    | Exp . MUL Exp
   57    | Exp . DIV Exp
   66    | Exp . LB Exp RB
   67    | Exp . DOT ID

    ERROR_LEXEME  shift, and go to state 81
    DOT           shift, and go to state 82
    LB            shift, and go to state 85
    PLUS          shift, and go to state 86
    MUL           shift, and go to state 87
    MINUS         shift, and go to state 88
    DIV           shift, and go to state 89
    AND           shift, and go to state 91
    NE            shift, and go to state 92
    LT            shift, and go to state 93
    LE            shift, and go to state 94
    GT            shift, and go to state 95
    GE            shift, and go to state 96
    EQ            shift, and go to state 97

    ERROR_LEXEME  [reduce using rule 47 (Exp)]
    $default      reduce using rule 47 (Exp)


State 122

   44 Exp: Exp . ASSIGN Exp
   45    | Exp . ERROR_LEXEME Exp
   46    | Exp . AND Exp
   46    | Exp AND Exp .
   47    | Exp . OR Exp
   48    | Exp . LT Exp
   49    | Exp . LE Exp
   50    | Exp . GT Exp
   51    | Exp . GE Exp
   52    | Exp . NE Exp
   53    | Exp . EQ Exp
   54    | Exp . PLUS Exp
   55    | Exp . MINUS Exp
   56    | Exp . MUL Exp
   57    | Exp . DIV Exp
   66    | Exp . LB Exp RB
   67    | Exp . DOT ID

    ERROR_LEXEME  shift, and go to state 81
    DOT           shift, and go to state 82
    LB            shift, and go to state 85
    PLUS          shift, and go to state 86
    MUL           shift, and go to state 87
    MINUS         shift, and go to state 88
    DIV           shift, and go to state 89
    NE            shift, and go to state 92
    LT            shift, and go to state 93
    LE            shift, and go to state 94
    GT            shift, and go to state 95
    GE            shift, and go to state 96
    EQ            shift, and go to state 97

    ERROR_LEXEME  [reduce using rule 46 (Exp)]
    $default      reduce using rule 46 (Exp)


State 123

   44 Exp: Exp . ASSIGN Exp
   45    | Exp . ERROR_LEXEME Exp
   46    | Exp . AND Exp
   47    | Exp . OR Exp
   48    | Exp . LT Exp
   49    | Exp . LE Exp
   50    | Exp . GT Exp
   51    | Exp . GE Exp
   52    | Exp . NE Exp
   52    | Exp NE Exp .
   53    | Exp . EQ Exp
   54    | Exp . PLUS Exp
   55    | Exp . MINUS Exp
   56    | Exp . MUL Exp
   57    | Exp . DIV Exp
   66    | Exp . LB Exp RB
   67    | Exp . DOT ID

    ERROR_LEXEME  shift, and go to state 81
    DOT           shift, and go to state 82
    LB            shift, and go to state 85
    PLUS          shift, and go to state 86
    MUL           shift, and go to state 87
    MINUS         shift, and go to state 88
    DIV           shift, and go to state 89
    LT            shift, and go to state 93
    LE            shift, and go to state 94
    GT            shift, and go to state 95
    GE            shift, and go to state 96

    ERROR_LEXEME  [reduce using rule 52 (Exp)]
    $default      reduce using rule 52 (Exp)


State 124

   44 Exp: Exp . ASSIGN Exp
   45    | Exp . ERROR_LEXEME Exp
   46    | Exp . AND Exp
   47    | Exp . OR Exp
   48    | Exp . LT Exp
   48    | Exp LT Exp .
   49    | Exp . LE Exp
   50    | Exp . GT Exp
   51    | Exp . GE Exp
   52    | Exp . NE Exp
   53    | Exp . EQ Exp
   54    | Exp . PLUS Exp
   55    | Exp . MINUS Exp
   56    | Exp . MUL Exp
   57    | Exp . DIV Exp
   66    | Exp . LB Exp RB
   67    | Exp . DOT ID

    ERROR_LEXEME  shift, and go to state 81
    DOT           shift, and go to state 82
    LB            shift, and go to state 85
    PLUS          shift, and go to state 86
    MUL           shift, and go to state 87
    MINUS         shift, and go to state 88
    DIV           shift, and go to state 89

    ERROR_LEXEME  [reduce using rule 48 (Exp)]
    $default      reduce using rule 48 (Exp)


State 125

   44 Exp: Exp . ASSIGN Exp
   45    | Exp . ERROR_LEXEME Exp
   46    | Exp . AND Exp
   47    | Exp . OR Exp
   48    | Exp . LT Exp
   49    | Exp . LE Exp
   49    | Exp LE Exp .
   50    | Exp . GT Exp
   51    | Exp . GE Exp
   52    | Exp . NE Exp
   53    | Exp . EQ Exp
   54    | Exp . PLUS Exp
   55    | Exp . MINUS Exp
   56    | Exp . MUL Exp
   57    | Exp . DIV Exp
   66    | Exp . LB Exp RB
   67    | Exp . DOT ID

    ERROR_LEXEME  shift, and go to state 81
    DOT           shift, and go to state 82
    LB            shift, and go to state 85
    PLUS          shift, and go to state 86
    MUL           shift, and go to state 87
    MINUS         shift, and go to state 88
    DIV           shift, and go to state 89

    ERROR_LEXEME  [reduce using rule 49 (Exp)]
    $default      reduce using rule 49 (Exp)


State 126

   44 Exp: Exp . ASSIGN Exp
   45    | Exp . ERROR_LEXEME Exp
   46    | Exp . AND Exp
   47    | Exp . OR Exp
   48    | Exp . LT Exp
   49    | Exp . LE Exp
   50    | Exp . GT Exp
   50    | Exp GT Exp .
   51    | Exp . GE Exp
   52    | Exp . NE Exp
   53    | Exp . EQ Exp
   54    | Exp . PLUS Exp
   55    | Exp . MINUS Exp
   56    | Exp . MUL Exp
   57    | Exp . DIV Exp
   66    | Exp . LB Exp RB
   67    | Exp . DOT ID

    ERROR_LEXEME  shift, and go to state 81
    DOT           shift, and go to state 82
    LB            shift, and go to state 85
    PLUS          shift, and go to state 86
    MUL           shift, and go to state 87
    MINUS         shift, and go to state 88
    DIV           shift, and go to state 89

    ERROR_LEXEME  [reduce using rule 50 (Exp)]
    $default      reduce using rule 50 (Exp)


State 127

   44 Exp: Exp . ASSIGN Exp
   45    | Exp . ERROR_LEXEME Exp
   46    | Exp . AND Exp
   47    | Exp . OR Exp
   48    | Exp . LT Exp
   49    | Exp . LE Exp
   50    | Exp . GT Exp
   51    | Exp . GE Exp
   51    | Exp GE Exp .
   52    | Exp . NE Exp
   53    | Exp . EQ Exp
   54    | Exp . PLUS Exp
   55    | Exp . MINUS Exp
   56    | Exp . MUL Exp
   57    | Exp . DIV Exp
   66    | Exp . LB Exp RB
   67    | Exp . DOT ID

    ERROR_LEXEME  shift, and go to state 81
    DOT           shift, and go to state 82
    LB            shift, and go to state 85
    PLUS          shift, and go to state 86
    MUL           shift, and go to state 87
    MINUS         shift, and go to state 88
    DIV           shift, and go to state 89

    ERROR_LEXEME  [reduce using rule 51 (Exp)]
    $default      reduce using rule 51 (Exp)


State 128

   44 Exp: Exp . ASSIGN Exp
   45    | Exp . ERROR_LEXEME Exp
   46    | Exp . AND Exp
   47    | Exp . OR Exp
   48    | Exp . LT Exp
   49    | Exp . LE Exp
   50    | Exp . GT Exp
   51    | Exp . GE Exp
   52    | Exp . NE Exp
   53    | Exp . EQ Exp
   53    | Exp EQ Exp .
   54    | Exp . PLUS Exp
   55    | Exp . MINUS Exp
   56    | Exp . MUL Exp
   57    | Exp . DIV Exp
   66    | Exp . LB Exp RB
   67    | Exp . DOT ID

    ERROR_LEXEME  shift, and go to state 81
    DOT           shift, and go to state 82
    LB            shift, and go to state 85
    PLUS          shift, and go to state 86
    MUL           shift, and go to state 87
    MINUS         shift, and go to state 88
    DIV           shift, and go to state 89
    LT            shift, and go to state 93
    LE            shift, and go to state 94
    GT            shift, and go to state 95
    GE            shift, and go to state 96

    ERROR_LEXEME  [reduce using rule 53 (Exp)]
    $default      reduce using rule 53 (Exp)


State 129

   34 Stmt: WHILE LP Exp RP . Stmt

    ERROR_LEXEME  shift, and go to state 45
    INT           shift, and go to state 46
    CHAR          shift, and go to state 47
    FLOAT         shift, and go to state 48
    WHILE         shift, and go to state 49
    IF            shift, and go to state 50
    ID            shift, and go to state 51
    LP            shift, and go to state 52
    LC            shift, and go to state 21
    RETURN        shift, and go to state 53
    MINUS         shift, and go to state 54
    NOT           shift, and go to state 55
    WRITE         shift, and go to state 56
    READ          shift, and go to state 57

    CompSt  go to state 58
    Stmt    go to state 136
    Exp     go to state 61


State 130

   32 Stmt: IF LP Exp RP . Stmt
   33     | IF LP Exp RP . Stmt ELSE Stmt

    ERROR_LEXEME  shift, and go to state 45
    INT           shift, and go to state 46
    CHAR          shift, and go to state 47
    FLOAT         shift, and go to state 48
    WHILE         shift, and go to state 49
    IF            shift, and go to state 50
    ID            shift, and go to state 51
    LP            shift, and go to state 52
    LC            shift, and go to state 21
    RETURN        shift, and go to state 53
    MINUS         shift, and go to state 54
    NOT           shift, and go to state 55
    WRITE         shift, and go to state 56
    READ          shift, and go to state 57

    CompSt  go to state 58
    Stmt    go to state 137
    Exp     go to state 61


State 131

   74 Args: Exp COMMA . Args

    ERROR_LEXEME  shift, and go to state 45
    INT           shift, and go to state 46
    CHAR          shift, and go to state 47
    FLOAT         shift, and go to state 48
    ID            shift, and go to state 51
    LP            shift, and go to state 52
    MINUS         shift, and go to state 54
    NOT           shift, and go to state 55
    READ          shift, and go to state 57

    Exp   go to state 104
    Args  go to state 138


State 132

   62 Exp: ID LP Args error .

    $default  reduce using rule 62 (Exp)


State 133

   63 Exp: ID LP Args RP .

    $default  reduce using rule 63 (Exp)


State 134

   35 Stmt: WRITE LP Exp RP . SEMI

    SEMI  shift, and go to state 139


State 135

   66 Exp: Exp LB Exp RB .

    $default  reduce using rule 66 (Exp)


State 136

   34 Stmt: WHILE LP Exp RP Stmt .

    $default  reduce using rule 34 (Stmt)


State 137

   32 Stmt: IF LP Exp RP Stmt .
   33     | IF LP Exp RP Stmt . ELSE Stmt

    ELSE  shift, and go to state 140

    ELSE      [reduce using rule 32 (Stmt)]
    $default  reduce using rule 32 (Stmt)


State 138

   74 Args: Exp COMMA Args .

    $default  reduce using rule 74 (Args)


State 139

   35 Stmt: WRITE LP Exp RP SEMI .

    $default  reduce using rule 35 (Stmt)


State 140

   33 Stmt: IF LP Exp RP Stmt ELSE . Stmt

    ERROR_LEXEME  shift, and go to state 45
    INT           shift, and go to state 46
    CHAR          shift, and go to state 47
    FLOAT         shift, and go to state 48
    WHILE         shift, and go to state 49
    IF            shift, and go to state 50
    ID            shift, and go to state 51
    LP            shift, and go to state 52
    LC            shift, and go to state 21
    RETURN        shift, and go to state 53
    MINUS         shift, and go to state 54
    NOT           shift, and go to state 55
    WRITE         shift, and go to state 56
    READ          shift, and go to state 57

    CompSt  go to state 58
    Stmt    go to state 141
    Exp     go to state 61


State 141

   33 Stmt: IF LP Exp RP Stmt ELSE Stmt .

    $default  reduce using rule 33 (Stmt)
